client-files/client-to-server-small-512.txt
The file is open and ready for I/O operations.
Sending Client REQ
Got reply...
Recieved ACK: 0
Init packet sent.
wwa1
Beginning file transfer
Processing a: WRQ
Pointer: 0
512
The Project Gutenberg eBook of The Magic Pudding

This ebook is for the use of anyone anywhere in the United States and
most other parts of the world at no cost and with almost no restrictions
whatsoever. You may copy it, give it away or re-use it under the terms
of the Project Gutenberg License included with this ebook or online
at www.gutenberg.org. If you are not located in the United States,
you will have to check the laws of the country where you are located
before using this eBook.

Title: The Mag5125
Sending Block: 1
Got reply...
received ACK for block#: 1
Pointer: 512
0
The Project Gutenberg eBook of The Magic Pudding

This ebook is for the use of anyone anywhere in the United States and
most other parts of the world at no cost and with almost no restrictions
whatsoever. You may copy it, give it away or re-use it under the terms
of the Project Gutenberg License included with this ebook or online
at www.gutenberg.org. If you are not located in the United States,
you will have to check the laws of the country where you are located
before using this eBook.

Title: The Mag5125
Sending Block: 2
Got reply...
received ACK for block#: 2
File transfer complete!
Write Process Complete!
